Build started 9/30/2014 2:27:58 PM.
     1>Project "C:\Users\fabian\Documents\GitHub\GLSL\GLSL\GLSL\GLSL\GLSL.vcxproj" on node 2 (Build target(s)).
     1>ClCompile:
         C:\Program Files (x86)\Microsoft Visual Studio 12.0\VC\bin\CL.exe /c /Iinclude /Zi /nologo /W3 /WX- /O2 /Oi /Oy- /GL /D WIN32 /D NDEBUG /D _CONSOLE /D _LIB /D _UNICODE /D UNICODE /Gm- /EHsc /MD /GS /Gy /fp:precise /Zc:wchar_t /Zc:forScope /Fo"Release\\" /Fd"Release\vc120.pdb" /Gd /TP /analyze- /errorReport:prompt main.cpp
         main.cpp
     1>c:\users\fabian\documents\github\glsl\glsl\glsl\glsl\GLSLProgram.h(57): warning C4290: C++ exception specification ignored except to indicate a function is not __declspec(nothrow)
     1>c:\users\fabian\documents\github\glsl\glsl\glsl\glsl\GLSLProgram.h(58): warning C4290: C++ exception specification ignored except to indicate a function is not __declspec(nothrow)
     1>c:\users\fabian\documents\github\glsl\glsl\glsl\glsl\GLSLProgram.h(60): warning C4290: C++ exception specification ignored except to indicate a function is not __declspec(nothrow)
     1>c:\users\fabian\documents\github\glsl\glsl\glsl\glsl\GLSLProgram.h(62): warning C4290: C++ exception specification ignored except to indicate a function is not __declspec(nothrow)
     1>c:\users\fabian\documents\github\glsl\glsl\glsl\glsl\GLSLProgram.h(63): warning C4290: C++ exception specification ignored except to indicate a function is not __declspec(nothrow)
     1>c:\users\fabian\documents\github\glsl\glsl\glsl\glsl\GLSLProgram.h(64): warning C4290: C++ exception specification ignored except to indicate a function is not __declspec(nothrow)
     1>c:\users\fabian\documents\github\glsl\glsl\glsl\glsl\scene.h(85): warning C4996: 'sprintf': This function or variable may be unsafe. Consider using sprintf_s instead. To disable deprecation, use _CRT_SECURE_NO_WARNINGS. See online help for details.
                 C:\Program Files (x86)\Microsoft Visual Studio 12.0\VC\include\stdio.h(356) : see declaration of 'sprintf'
     1>c:\users\fabian\documents\github\glsl\glsl\glsl\glsl\scene.h(86): warning C4996: 'sprintf': This function or variable may be unsafe. Consider using sprintf_s instead. To disable deprecation, use _CRT_SECURE_NO_WARNINGS. See online help for details.
                 C:\Program Files (x86)\Microsoft Visual Studio 12.0\VC\include\stdio.h(356) : see declaration of 'sprintf'
     1>c:\users\fabian\documents\github\glsl\glsl\glsl\glsl\mesh-filtering.inl(120): warning C4018: '<' : signed/unsigned mismatch
                 c:\users\fabian\documents\github\glsl\glsl\glsl\glsl\mesh-filtering.inl(116) : while compiling class template member function 'void Mesh<Vertex_Base,HalfEdge_Base,Face_Base,Statistics_Base>::SetVertexNormal(std::vector<HalfEdge *,std::allocator<_Other>>,Vertex &)'
                 with
                 [
                     HalfEdge=HalfEdge_Base
         ,            _Other=HalfEdge_Base *
         ,            Vertex=Vertex_Base
                 ]
                 c:\users\fabian\documents\github\glsl\glsl\glsl\glsl\mesh-filtering.inl(164) : see reference to function template instantiation 'void Mesh<Vertex_Base,HalfEdge_Base,Face_Base,Statistics_Base>::SetVertexNormal(std::vector<HalfEdge *,std::allocator<_Other>>,Vertex &)' being compiled
                 with
                 [
                     HalfEdge=HalfEdge_Base
         ,            _Other=HalfEdge_Base *
         ,            Vertex=Vertex_Base
                 ]
                 c:\users\fabian\documents\github\glsl\glsl\glsl\glsl\mesh-rendering.inl(7) : while compiling class template member function 'void Mesh<Vertex_Base,HalfEdge_Base,Face_Base,Statistics_Base>::SetupOpenGL(void)'
                 main.cpp(24) : see reference to class template instantiation 'Mesh<Vertex_Base,HalfEdge_Base,Face_Base,Statistics_Base>' being compiled
       Link:
         C:\Program Files (x86)\Microsoft Visual Studio 12.0\VC\bin\link.exe /ERRORREPORT:PROMPT /OUT:"C:\Users\fabian\Documents\GitHub\GLSL\GLSL\GLSL\Release\GLSL.exe" /INCREMENTAL:NO /NOLOGO /LIBPATH:lib32 opengl32.lib glew32.lib glew32s.lib glfw3.lib kernel32.lib user32.lib gdi32.lib winspool.lib comdlg32.lib advapi32.lib shell32.lib ole32.lib oleaut32.lib uuid.lib odbc32.lib odbccp32.lib kernel32.lib user32.lib gdi32.lib winspool.lib comdlg32.lib advapi32.lib shell32.lib ole32.lib oleaut32.lib uuid.lib odbc32.lib odbccp32.lib /MANIFEST /MANIFESTUAC:"level='asInvoker' uiAccess='false'" /manifest:embed /DEBUG /PDB:"C:\Users\fabian\Documents\GitHub\GLSL\GLSL\GLSL\Release\GLSL.pdb" /SUBSYSTEM:CONSOLE /OPT:REF /OPT:ICF /LTCG /TLBID:1 /DYNAMICBASE /NXCOMPAT /IMPLIB:"C:\Users\fabian\Documents\GitHub\GLSL\GLSL\GLSL\Release\GLSL.lib" /MACHINE:X86 /SAFESEH Release\conversion.obj
         Release\GLSLProgram.obj
         Release\main.obj
         Release\ply_io.obj
         Release\ply_to_obj.obj
         Release\scene.obj
         Release\shaders.obj
         "Release\shading-group.obj"
         Release\window2.obj
         Generating code
         Finished generating code
         GLSL.vcxproj -> C:\Users\fabian\Documents\GitHub\GLSL\GLSL\GLSL\Release\GLSL.exe
     1>Done Building Project "C:\Users\fabian\Documents\GitHub\GLSL\GLSL\GLSL\GLSL\GLSL.vcxproj" (Build target(s)).

Build succeeded.

Time Elapsed 00:00:03.51
